<?xml version="1.0" encoding="UTF-8"?>
<testsuite xmlns:xsi="http://www.w3.org/2001/XMLSchema-instance" xsi:noNamespaceSchemaLocation="https://maven.apache.org/surefire/maven-surefire-plugin/xsd/surefire-test-report.xsd" version="3.0.2" name="OOP_Project.example.OOP_Project.OopProjectApplicationTests" time="5.866" tests="1" errors="0" skipped="0" failures="0">
  <properties>
[...]
</properties>
  <testcase name="contextLoads" classname="OOP_Project.example.OOP_Project.OopProjectApplicationTests" time="1.509">
    <system-out><![CDATA[17:48:27.666 [main] INFO org.springframework.test.context.support.AnnotationConfigContextLoaderUtils -- Could not detect default configuration classes for test class [OOP_Project.example.OOP_Project.OopProjectApplicationTests]: OopProjectApplicationTests does not declare any static, non-private, non-final, nested classes annotated with @Configuration.
17:48:27.913 [main] INFO org.springframework.boot.test.context.SpringBootTestContextBootstrapper -- Found @SpringBootConfiguration OOP_Project.example.OOP_Project.OopProjectApplication for test class OOP_Project.example.OOP_Project.OopProjectApplicationTests
17:48:28.401 [main] INFO org.springframework.boot.devtools.restart.RestartApplicationListener -- Restart disabled due to context in which it is running

  .   ____          _            __ _ _
 /\\ / ___'_ __ _ _(_)_ __  __ _ \ \ \ \
( ( )\___ | '_ | '_| | '_ \/ _` | \ \ \ \
 \\/  ___)| |_)| | | | | || (_| |  ) ) ) )
  '  |____| .__|_| |_|_| |_\__, | / / / /
 =========|_|==============|___/=/_/_/_/

 :: Spring Boot ::       (v3.4.0-SNAPSHOT)

2024-10-02T17:48:28.998+07:00  INFO 7088 --- [OOP_Project] [           main] O.e.O.OopProjectApplicationTests         : Starting OopProjectApplicationTests using Java 17.0.11 with PID 7088 (started by MTQV in C:\Users\MTQV\Desktop\OOP_Project)
2024-10-02T17:48:29.001+07:00  INFO 7088 --- [OOP_Project] [           main] O.e.O.OopProjectApplicationTests         : No active profile set, falling back to 1 default profile: "default"
2024-10-02T17:48:30.963+07:00  INFO 7088 --- [OOP_Project] [           main] o.s.b.a.w.s.WelcomePageHandlerMapping    : Adding welcome page template: index
2024-10-02T17:48:31.639+07:00  INFO 7088 --- [OOP_Project] [           main] O.e.O.OopProjectApplicationTests         : Started OopProjectApplicationTests in 3.268 seconds (process running for 5.522)
]]></system-out>
  </testcase>
</testsuite>