<?xml version="1.0" encoding="UTF-8"?>
<testsuite xmlns:xsi="http://www.w3.org/2001/XMLSchema-instance" xsi:noNamespaceSchemaLocation="https://maven.apache.org/surefire/maven-surefire-plugin/xsd/surefire-test-report.xsd" version="3.0.2" name="OOP_Project.example.OOP_Project.OopProjectApplicationTests" time="13.227" tests="1" errors="0" skipped="0" failures="0">
  <properties>
[...]
</properties>
  <testcase name="contextLoads" classname="OOP_Project.example.OOP_Project.OopProjectApplicationTests" time="0.639">
    <system-out><![CDATA[22:25:16.351 [main] INFO org.springframework.test.context.support.AnnotationConfigContextLoaderUtils -- Could not detect default configuration classes for test class [OOP_Project.example.OOP_Project.OopProjectApplicationTests]: OopProjectApplicationTests does not declare any static, non-private, non-final, nested classes annotated with @Configuration.
22:25:16.531 [main] INFO org.springframework.boot.test.context.SpringBootTestContextBootstrapper -- Found @SpringBootConfiguration OOP_Project.example.OOP_Project.OopProjectApplication for test class OOP_Project.example.OOP_Project.OopProjectApplicationTests
22:25:16.844 [main] INFO org.springframework.boot.devtools.restart.RestartApplicationListener -- Restart disabled due to context in which it is running

  .   ____          _            __ _ _
 /\\ / ___'_ __ _ _(_)_ __  __ _ \ \ \ \
( ( )\___ | '_ | '_| | '_ \/ _` | \ \ \ \
 \\/  ___)| |_)| | | | | || (_| |  ) ) ) )
  '  |____| .__|_| |_|_| |_\__, | / / / /
 =========|_|==============|___/=/_/_/_/

 :: Spring Boot ::       (v3.4.0-SNAPSHOT)

2024-10-19T22:25:17.301+07:00  INFO 13224 --- [OOP_Project] [           main] O.e.O.OopProjectApplicationTests         : Starting OopProjectApplicationTests using Java 17.0.12 with PID 13224 (started by ThinkPad in C:\Users\ThinkPad\OOP_Project)
2024-10-19T22:25:17.304+07:00  INFO 13224 --- [OOP_Project] [           main] O.e.O.OopProjectApplicationTests         : No active profile set, falling back to 1 default profile: "default"
2024-10-19T22:25:19.757+07:00  INFO 13224 --- [OOP_Project] [           main] .s.d.r.c.RepositoryConfigurationDelegate : Bootstrapping Spring Data JPA repositories in DEFAULT mode.
2024-10-19T22:25:19.935+07:00  INFO 13224 --- [OOP_Project] [           main] .s.d.r.c.RepositoryConfigurationDelegate : Finished Spring Data repository scanning in 155 ms. Found 3 JPA repository interfaces.
2024-10-19T22:25:21.250+07:00  INFO 13224 --- [OOP_Project] [           main] o.hibernate.jpa.internal.util.LogHelper  : HHH000204: Processing PersistenceUnitInfo [name: default]
2024-10-19T22:25:21.519+07:00  INFO 13224 --- [OOP_Project] [           main] org.hibernate.Version                    : HHH000412: Hibernate ORM core version 6.6.1.Final
2024-10-19T22:25:21.673+07:00  INFO 13224 --- [OOP_Project] [           main] o.h.c.internal.RegionFactoryInitiator    : HHH000026: Second-level cache disabled
2024-10-19T22:25:22.889+07:00  INFO 13224 --- [OOP_Project] [           main] o.s.o.j.p.SpringPersistenceUnitInfo      : No LoadTimeWeaver setup: ignoring JPA class transformer
2024-10-19T22:25:22.971+07:00  INFO 13224 --- [OOP_Project] [           main] com.zaxxer.hikari.HikariDataSource       : HikariPool-1 - Starting...
2024-10-19T22:25:23.907+07:00  INFO 13224 --- [OOP_Project] [           main] com.zaxxer.hikari.pool.HikariPool        : HikariPool-1 - Added connection com.mysql.cj.jdbc.ConnectionImpl@212e39ee
2024-10-19T22:25:23.914+07:00  INFO 13224 --- [OOP_Project] [           main] com.zaxxer.hikari.HikariDataSource       : HikariPool-1 - Start completed.
2024-10-19T22:25:24.177+07:00  INFO 13224 --- [OOP_Project] [           main] org.hibernate.orm.connections.pooling    : HHH10001005: Database info:
	Database JDBC URL [Connecting through datasource 'HikariDataSource (HikariPool-1)']
	Database driver: undefined/unknown
	Database version: 8.0.16
	Autocommit mode: undefined/unknown
	Isolation level: undefined/unknown
	Minimum pool size: undefined/unknown
	Maximum pool size: undefined/unknown
2024-10-19T22:25:26.089+07:00  INFO 13224 --- [OOP_Project] [           main] o.h.e.t.j.p.i.JtaPlatformInitiator       : HHH000489: No JTA platform available (set 'hibernate.transaction.jta.platform' to enable JTA platform integration)
2024-10-19T22:25:26.293+07:00  INFO 13224 --- [OOP_Project] [           main] j.LocalContainerEntityManagerFactoryBean : Initialized JPA EntityManagerFactory for persistence unit 'default'
2024-10-19T22:25:26.836+07:00  INFO 13224 --- [OOP_Project] [           main] o.s.d.j.r.query.QueryEnhancerFactory     : Hibernate is in classpath; If applicable, HQL parser will be used.
2024-10-19T22:25:27.801+07:00  WARN 13224 --- [OOP_Project] [           main] JpaBaseConfiguration$JpaWebConfiguration : spring.jpa.open-in-view is enabled by default. Therefore, database queries may be performed during view rendering. Explicitly configure spring.jpa.open-in-view to disable this warning
2024-10-19T22:25:28.637+07:00  INFO 13224 --- [OOP_Project] [           main] O.e.O.OopProjectApplicationTests         : Started OopProjectApplicationTests in 11.809 seconds (process running for 13.61)
]]></system-out>
  </testcase>
</testsuite>